<?xml version="1.0" encoding="UTF-8"?>
<!-- Generated by org.testng.reporters.JUnitXMLReporter -->
<testsuite hostname="DESKTOP-3R73L8V" ignored="0" name="Default test" tests="10" failures="0" timestamp="2020-06-04T07:22:30 IST" time="9.8" errors="0">
  <testcase name="test_addNewVideoGame" time="4.151" classname="testCases.TC_Post_VideoGame_DDT"/>
  <testcase name="test_addNewVideoGame" time="0.049" classname="testCases.TC_Post_VideoGame_DDT"/>
  <testcase name="test_addNewVideoGame" time="0.045" classname="testCases.TC_Post_VideoGame_DDT"/>
  <testcase name="test_addNewVideoGame" time="0.045" classname="testCases.TC_Post_VideoGame_DDT"/>
  <testcase name="test_addNewVideoGame" time="0.072" classname="testCases.TC_Post_VideoGame_DDT"/>
  <testcase name="test_getVideoGame" time="1.26" classname="testCases.TC_Post_VideoGame_DDT"/>
  <testcase name="test_getVideoGame" time="0.124" classname="testCases.TC_Post_VideoGame_DDT"/>
  <testcase name="test_getVideoGame" time="0.096" classname="testCases.TC_Post_VideoGame_DDT"/>
  <testcase name="test_getVideoGame" time="0.142" classname="testCases.TC_Post_VideoGame_DDT"/>
  <testcase name="test_getVideoGame" time="0.096" classname="testCases.TC_Post_VideoGame_DDT"/>
</testsuite> <!-- Default test -->
