<?xml version="1.0" encoding="UTF-8"?>
<!-- Generated by org.testng.reporters.JUnitXMLReporter -->
<testsuite hostname="DESKTOP-3R73L8V" ignored="0" name="video game tests" tests="17" failures="0" timestamp="2020-06-04T07:32:58 IST" time="9.664" errors="0">
  <testcase name="test_getAllVideoGames" time="3.226" classname="testCases.TC_VideoGameAPI_Tests"/>
  <testcase name="test_addNewVideoGame" time="1.302" classname="testCases.TC_VideoGameAPI_Tests"/>
  <testcase name="test_getVideoGame" time="1.184" classname="testCases.TC_VideoGameAPI_Tests"/>
  <testcase name="test_UpdateVideoGame" time="0.125" classname="testCases.TC_VideoGameAPI_Tests"/>
  <testcase name="test_DeleteVideoGame" time="0.053" classname="testCases.TC_VideoGameAPI_Tests"/>
  <testcase name="test_addNewVideoGame" time="0.144" classname="testCases.TC_Post_VideoGame_Pojo"/>
  <testcase name="test_getVideoGame_pojo" time="0.429" classname="testCases.TC_Post_VideoGame_Pojo"/>
  <testcase name="test_addNewVideoGame" time="0.044" classname="testCases.TC_Post_VideoGame_DDT"/>
  <testcase name="test_addNewVideoGame" time="0.04" classname="testCases.TC_Post_VideoGame_DDT"/>
  <testcase name="test_addNewVideoGame" time="0.029" classname="testCases.TC_Post_VideoGame_DDT"/>
  <testcase name="test_addNewVideoGame" time="0.031" classname="testCases.TC_Post_VideoGame_DDT"/>
  <testcase name="test_addNewVideoGame" time="0.028" classname="testCases.TC_Post_VideoGame_DDT"/>
  <testcase name="test_getVideoGame" time="0.124" classname="testCases.TC_Post_VideoGame_DDT"/>
  <testcase name="test_getVideoGame" time="0.059" classname="testCases.TC_Post_VideoGame_DDT"/>
  <testcase name="test_getVideoGame" time="0.055" classname="testCases.TC_Post_VideoGame_DDT"/>
  <testcase name="test_getVideoGame" time="0.066" classname="testCases.TC_Post_VideoGame_DDT"/>
  <testcase name="test_getVideoGame" time="0.078" classname="testCases.TC_Post_VideoGame_DDT"/>
</testsuite> <!-- video game tests -->
