<?xml version="1.0" encoding="UTF-8"?>
<!-- Generated by org.testng.reporters.JUnitXMLReporter -->
<testsuite hostname="DESKTOP-3R73L8V" ignored="0" name="video game tests" tests="5" failures="0" timestamp="05 Jun 2020 01:22:47 GMT" time="6.717" errors="0">
  <testcase name="test_getAllVideoGames" time="3.949" classname="testCases.TC_VideoGameAPI_Tests"/>
  <testcase name="test_addNewVideoGame" time="1.086" classname="testCases.TC_VideoGameAPI_Tests"/>
  <testcase name="test_getVideoGame" time="1.463" classname="testCases.TC_VideoGameAPI_Tests"/>
  <testcase name="test_UpdateVideoGame" time="0.137" classname="testCases.TC_VideoGameAPI_Tests"/>
  <testcase name="test_DeleteVideoGame" time="0.043" classname="testCases.TC_VideoGameAPI_Tests"/>
</testsuite> <!-- video game tests -->
