<?xml version="1.0" encoding="UTF-8"?>
<testsuite xmlns:xsi="http://www.w3.org/2001/XMLSchema-instance" xsi:noNamespaceSchemaLocation="https://maven.apache.org/surefire/maven-surefire-plugin/xsd/surefire-test-report-3.0.xsd" version="3.0" name="TestSuite" time="8.124" tests="5" errors="0" skipped="0" failures="0">
  <properties>
[...]
</properties>
  <testcase name="test_getAllVideoGames" classname="testCases.TC_VideoGameAPI_Tests" time="3.95"/>
  <testcase name="test_addNewVideoGame" classname="testCases.TC_VideoGameAPI_Tests" time="1.087"/>
  <testcase name="test_getVideoGame" classname="testCases.TC_VideoGameAPI_Tests" time="1.462"/>
  <testcase name="test_UpdateVideoGame" classname="testCases.TC_VideoGameAPI_Tests" time="0.138"/>
  <testcase name="test_DeleteVideoGame" classname="testCases.TC_VideoGameAPI_Tests" time="0.045"/>
</testsuite>